\BOOKMARK [1][-]{section.1}{Introduction}{}% 1
\BOOKMARK [1][-]{section.2}{The Main Code}{}% 2
\BOOKMARK [2][-]{subsection.2.1}{Declare Options}{section.2}% 3
\BOOKMARK [2][-]{subsection.2.2}{GCD and Rational Reduction Commands}{section.2}% 4
\BOOKMARK [2][-]{subsection.2.3}{Define an Integer and a Rational}{section.2}% 5
\BOOKMARK [2][-]{subsection.2.4}{Parse a Number}{section.2}% 6
\BOOKMARK [3][-]{subsubsection.2.4.1}{Parsing a Rational}{subsection.2.4}% 7
\BOOKMARK [3][-]{subsubsection.2.4.2}{Parsing a Real}{subsection.2.4}% 8
\BOOKMARK [2][-]{subsection.2.5}{Creating Random Things}{section.2}% 9
\BOOKMARK [3][-]{subsubsection.2.5.1}{Random Integer}{subsection.2.5}% 10
\BOOKMARK [3][-]{subsubsection.2.5.2}{Random Rational}{subsection.2.5}% 11
\BOOKMARK [3][-]{subsubsection.2.5.3}{Random Real}{subsection.2.5}% 12
\BOOKMARK [3][-]{subsubsection.2.5.4}{Random Sign}{subsection.2.5}% 13
\BOOKMARK [3][-]{subsubsection.2.5.5}{Random Number from a List}{subsection.2.5}% 14
\BOOKMARK [3][-]{subsubsection.2.5.6}{Random Problem from a List}{subsection.2.5}% 15
\BOOKMARK [3][-]{subsubsection.2.5.7}{Random Index}{subsection.2.5}% 16
\BOOKMARK [2][-]{subsection.2.6}{Some Constants}{section.2}% 17
\BOOKMARK [2][-]{subsection.2.7}{Formatting Commands}{section.2}% 18
\BOOKMARK [2][-]{subsection.2.8}{Commands specialized to Reals}{section.2}% 19
\BOOKMARK [2][-]{subsection.2.9}{User Defined Dependent Variables for JavaScript}{section.2}% 20
\BOOKMARK [2][-]{subsection.2.10}{Writing RVs to Solution Files}{section.2}% 21
\BOOKMARK [2][-]{subsection.2.11}{Redefine lcg Package Macro}{section.2}% 22
\BOOKMARK [2][-]{subsection.2.12}{DLJS Support}{section.2}% 23
