This is TeX, Version 3.14159265 (TeX Live 2020/NixOS.org) (preloaded format=tex 2021.2.11)  14 APR 2021 13:21
**rangen.ins
(./rangen.ins
(/nix/store/2imdihsig4v0b7w0jqh05yl05xky3gx6-texlive-combined-full-2020/share/t
exmf/tex/latex/base/docstrip.tex
\blockLevel=\count26
\emptyLines=\count27
\processedLines=\count28
\commentsRemoved=\count29
\commentsPassed=\count30
\codeLinesPassed=\count31
\TotalprocessedLines=\count32
\TotalcommentsRemoved=\count33
\TotalcommentsPassed=\count34
\TotalcodeLinesPassed=\count35
\NumberOfFiles=\count36
\inFile=\read0
\inputcheck=\read1
\@tempcnta=\count37
\off@0=\count38
\off@1=\count39
\off@2=\count40
\off@3=\count41
\off@4=\count42
\off@5=\count43
\off@6=\count44
\off@7=\count45
\off@8=\count46
\off@9=\count47
\off@10=\count48
\off@11=\count49
\off@12=\count50
\off@13=\count51
\off@14=\count52
\off@15=\count53
\@temptokena=\toks12
\@maxfiles=\count54
\@maxoutfiles=\count55

Utility: `docstrip' v2.6a <2020-07-07>
English documentation    <2020-07-11>

**********************************************************
* This program converts documented macro-files into fast *
* loadable files by stripping off (nearly) all comments! *
**********************************************************

********************************************************
* No Configuration file found, using default settings. *
********************************************************

(./rangen.ins

Generating file(s) rangen.sty 

Processing file rangen.dtx (copyright,package) -> rangen.sty
File rangen.dtx ended by \endinput.
Lines  processed: 1987
Comments removed: 802
Comments  passed: 11
Codelines passed: 1165

***************************************************************
*
*  To finish the installation you have to copy the files 
*
*  *.sty, *.cfg and *.def into a directory searched by TeX
*
***************************************************************
) ) )
No pages of output.
